2025-05-04T16:14:59.951+09:00  INFO 17128 --- [MySpringbootLab] [restartedMain] c.r.m.MySpringbootLabApplication         : Starting MySpringbootLabApplication using Java 17.0.2 with PID 17128 (C:\myBackend\MySpringbootLab\target\classes started by user in C:\myBackend\MySpringbootLab)
2025-05-04T16:14:59.955+09:00 DEBUG 17128 --- [MySpringbootLab] [restartedMain] c.r.m.MySpringbootLabApplication         : Running with Spring Boot v3.4.5, Spring v6.2.6
2025-05-04T16:14:59.956+09:00  INFO 17128 --- [MySpringbootLab] [restartedMain] c.r.m.MySpringbootLabApplication         : The following 1 profile is active: "test"
2025-05-04T16:14:59.996+09:00  INFO 17128 --- [MySpringbootLab] [restartedMain] .e.DevToolsPropertyDefaultsPostProcessor : Devtools property defaults active! Set 'spring.devtools.add-properties' to 'false' to disable
2025-05-04T16:14:59.997+09:00  INFO 17128 --- [MySpringbootLab] [restartedMain] .e.DevToolsPropertyDefaultsPostProcessor : For additional web related logging consider setting the 'logging.level.web' property to 'DEBUG'
2025-05-04T16:15:00.948+09:00  INFO 17128 --- [MySpringbootLab] [restartedMain] .s.d.r.c.RepositoryConfigurationDelegate : Bootstrapping Spring Data JPA repositories in DEFAULT mode.
2025-05-04T16:15:00.976+09:00  INFO 17128 --- [MySpringbootLab] [restartedMain] .s.d.r.c.RepositoryConfigurationDelegate : Finished Spring Data repository scanning in 16 ms. Found 0 JPA repository interfaces.
2025-05-04T16:15:01.831+09:00  INFO 17128 --- [MySpringbootLab] [restartedMain] o.s.b.w.e.t.TomcatWebServer              : Tomcat initialized with port 8080 (http)
2025-05-04T16:15:01.853+09:00  INFO 17128 --- [MySpringbootLab] [restartedMain] o.a.c.c.StandardService                  : Starting service [Tomcat]
2025-05-04T16:15:01.854+09:00  INFO 17128 --- [MySpringbootLab] [restartedMain] o.a.c.c.StandardEngine                   : Starting Servlet engine: [Apache Tomcat/10.1.40]
2025-05-04T16:15:01.903+09:00  INFO 17128 --- [MySpringbootLab] [restartedMain] o.a.c.c.C.[.[.[/]                        : Initializing Spring embedded WebApplicationContext
2025-05-04T16:15:01.905+09:00  INFO 17128 --- [MySpringbootLab] [restartedMain] w.s.c.ServletWebServerApplicationContext : Root WebApplicationContext: initialization completed in 1906 ms
2025-05-04T16:15:02.369+09:00  INFO 17128 --- [MySpringbootLab] [restartedMain] c.z.h.HikariDataSource                   : HikariPool-1 - Starting...
2025-05-04T16:15:02.546+09:00  INFO 17128 --- [MySpringbootLab] [restartedMain] c.z.h.p.HikariPool                       : HikariPool-1 - Added connection conn0: url=jdbc:h2:mem:b49ae3f7-52e8-431b-9170-22d85d285424 user=SA
2025-05-04T16:15:02.548+09:00  INFO 17128 --- [MySpringbootLab] [restartedMain] c.z.h.HikariDataSource                   : HikariPool-1 - Start completed.
2025-05-04T16:15:02.586+09:00  INFO 17128 --- [MySpringbootLab] [restartedMain] o.h.j.i.u.LogHelper                      : HHH000204: Processing PersistenceUnitInfo [name: default]
2025-05-04T16:15:02.644+09:00  INFO 17128 --- [MySpringbootLab] [restartedMain] o.h.Version                              : HHH000412: Hibernate ORM core version 6.6.13.Final
2025-05-04T16:15:02.672+09:00  INFO 17128 --- [MySpringbootLab] [restartedMain] o.h.c.i.RegionFactoryInitiator           : HHH000026: Second-level cache disabled
2025-05-04T16:15:02.855+09:00  INFO 17128 --- [MySpringbootLab] [restartedMain] o.s.o.j.p.SpringPersistenceUnitInfo      : No LoadTimeWeaver setup: ignoring JPA class transformer
2025-05-04T16:15:02.913+09:00  INFO 17128 --- [MySpringbootLab] [restartedMain] o.h.o.c.pooling                          : HHH10001005: Database info:
	Database JDBC URL [Connecting through datasource 'HikariDataSource (HikariPool-1)']
	Database driver: undefined/unknown
	Database version: 2.3.232
	Autocommit mode: undefined/unknown
	Isolation level: undefined/unknown
	Minimum pool size: undefined/unknown
	Maximum pool size: undefined/unknown
2025-05-04T16:15:03.147+09:00  INFO 17128 --- [MySpringbootLab] [restartedMain] o.h.e.t.j.p.i.JtaPlatformInitiator       : HHH000489: No JTA platform available (set 'hibernate.transaction.jta.platform' to enable JTA platform integration)
2025-05-04T16:15:03.151+09:00  INFO 17128 --- [MySpringbootLab] [restartedMain] j.LocalContainerEntityManagerFactoryBean : Initialized JPA EntityManagerFactory for persistence unit 'default'
2025-05-04T16:15:03.170+09:00  WARN 17128 --- [MySpringbootLab] [restartedMain] ConfigServletWebServerApplicationContext : Exception encountered during context initialization - cancelling refresh attempt: org.springframework.beans.factory.UnsatisfiedDependencyException: Error creating bean with name 'myPropRunner': Unsatisfied dependency expressed through field 'myEnvironment': No qualifying bean of type 'com.rookies3.myspringbootlab.config.MyEnvironment' available: expected at least 1 bean which qualifies as autowire candidate. Dependency annotations: {@org.springframework.beans.factory.annotation.Autowired(required=true)}
2025-05-04T16:15:03.170+09:00  INFO 17128 --- [MySpringbootLab] [restartedMain] j.LocalContainerEntityManagerFactoryBean : Closing JPA EntityManagerFactory for persistence unit 'default'
2025-05-04T16:15:03.177+09:00  WARN 17128 --- [MySpringbootLab] [restartedMain] o.s.b.f.s.DisposableBeanAdapter          : Invocation of destroy method failed on bean with name 'inMemoryDatabaseShutdownExecutor': org.h2.jdbc.JdbcSQLNonTransientConnectionException: Database is already closed (to disable automatic closing at VM shutdown, add ";DB_CLOSE_ON_EXIT=FALSE" to the db URL) [90121-232]
2025-05-04T16:15:03.177+09:00  INFO 17128 --- [MySpringbootLab] [restartedMain] c.z.h.HikariDataSource                   : HikariPool-1 - Shutdown initiated...
2025-05-04T16:15:03.179+09:00  INFO 17128 --- [MySpringbootLab] [restartedMain] c.z.h.HikariDataSource                   : HikariPool-1 - Shutdown completed.
2025-05-04T16:15:03.180+09:00  INFO 17128 --- [MySpringbootLab] [restartedMain] o.a.c.c.StandardService                  : Stopping service [Tomcat]
2025-05-04T16:15:03.193+09:00  INFO 17128 --- [MySpringbootLab] [restartedMain] .s.b.a.l.ConditionEvaluationReportLogger : 

Error starting ApplicationContext. To display the condition evaluation report re-run your application with 'debug' enabled.
2025-05-04T16:15:03.218+09:00 ERROR 17128 --- [MySpringbootLab] [restartedMain] o.s.b.d.LoggingFailureAnalysisReporter   : 

***************************
APPLICATION FAILED TO START
***************************

Description:

Field myEnvironment in com.rookies3.myspringbootlab.runner.MyPropRunner required a bean of type 'com.rookies3.myspringbootlab.config.MyEnvironment' that could not be found.

The injection point has the following annotations:
	- @org.springframework.beans.factory.annotation.Autowired(required=true)


Action:

Consider defining a bean of type 'com.rookies3.myspringbootlab.config.MyEnvironment' in your configuration.

2025-05-04T16:20:53.759+09:00  INFO 17980 --- [MySpringbootLab] [restartedMain] c.r.m.MySpringbootLabApplication         : Starting MySpringbootLabApplication using Java 17.0.2 with PID 17980 (C:\myBackend\MySpringbootLab\target\classes started by user in C:\myBackend\MySpringbootLab)
2025-05-04T16:20:53.763+09:00  INFO 17980 --- [MySpringbootLab] [restartedMain] c.r.m.MySpringbootLabApplication         : The following 1 profile is active: "prod"
2025-05-04T16:20:53.804+09:00  INFO 17980 --- [MySpringbootLab] [restartedMain] .e.DevToolsPropertyDefaultsPostProcessor : Devtools property defaults active! Set 'spring.devtools.add-properties' to 'false' to disable
2025-05-04T16:20:53.804+09:00  INFO 17980 --- [MySpringbootLab] [restartedMain] .e.DevToolsPropertyDefaultsPostProcessor : For additional web related logging consider setting the 'logging.level.web' property to 'DEBUG'
2025-05-04T16:20:54.504+09:00  WARN 17980 --- [MySpringbootLab] [restartedMain] ConfigServletWebServerApplicationContext : Exception encountered during context initialization - cancelling refresh attempt: org.springframework.beans.factory.support.BeanDefinitionOverrideException: Invalid bean definition with name 'myEnvironment' defined in class path resource [com/rookies3/myspringbootlab/config/ProdConfig.class]: Cannot register bean definition [Root bean: class=null; scope=; abstract=false; lazyInit=null; autowireMode=3; dependencyCheck=0; autowireCandidate=true; primary=false; fallback=false; factoryBeanName=prodConfig; factoryMethodName=myEnvironment; initMethodNames=null; destroyMethodNames=[(inferred)]; defined in class path resource [com/rookies3/myspringbootlab/config/ProdConfig.class]] for bean 'myEnvironment' since there is already [Root bean: class=null; scope=; abstract=false; lazyInit=null; autowireMode=3; dependencyCheck=0; autowireCandidate=true; primary=false; fallback=false; factoryBeanName=devConfig; factoryMethodName=myEnvironment; initMethodNames=null; destroyMethodNames=[(inferred)]; defined in class path resource [com/rookies3/myspringbootlab/config/DevConfig.class]] bound.
2025-05-04T16:20:54.513+09:00  INFO 17980 --- [MySpringbootLab] [restartedMain] .s.b.a.l.ConditionEvaluationReportLogger : 

Error starting ApplicationContext. To display the condition evaluation report re-run your application with 'debug' enabled.
2025-05-04T16:20:54.527+09:00 ERROR 17980 --- [MySpringbootLab] [restartedMain] o.s.b.d.LoggingFailureAnalysisReporter   : 

***************************
APPLICATION FAILED TO START
***************************

Description:

The bean 'myEnvironment', defined in class path resource [com/rookies3/myspringbootlab/config/ProdConfig.class], could not be registered. A bean with that name has already been defined in class path resource [com/rookies3/myspringbootlab/config/DevConfig.class] and overriding is disabled.

Action:

Consider renaming one of the beans or enabling overriding by setting spring.main.allow-bean-definition-overriding=true

2025-05-04T16:21:52.891+09:00  INFO 13880 --- [MySpringbootLab] [restartedMain] c.r.m.MySpringbootLabApplication         : Starting MySpringbootLabApplication using Java 17.0.2 with PID 13880 (C:\myBackend\MySpringbootLab\target\classes started by user in C:\myBackend\MySpringbootLab)
2025-05-04T16:21:52.895+09:00 DEBUG 13880 --- [MySpringbootLab] [restartedMain] c.r.m.MySpringbootLabApplication         : Running with Spring Boot v3.4.5, Spring v6.2.6
2025-05-04T16:21:52.896+09:00  INFO 13880 --- [MySpringbootLab] [restartedMain] c.r.m.MySpringbootLabApplication         : The following 1 profile is active: "test"
2025-05-04T16:21:52.932+09:00  INFO 13880 --- [MySpringbootLab] [restartedMain] .e.DevToolsPropertyDefaultsPostProcessor : Devtools property defaults active! Set 'spring.devtools.add-properties' to 'false' to disable
2025-05-04T16:21:52.934+09:00  INFO 13880 --- [MySpringbootLab] [restartedMain] .e.DevToolsPropertyDefaultsPostProcessor : For additional web related logging consider setting the 'logging.level.web' property to 'DEBUG'
2025-05-04T16:21:53.799+09:00  INFO 13880 --- [MySpringbootLab] [restartedMain] .s.d.r.c.RepositoryConfigurationDelegate : Bootstrapping Spring Data JPA repositories in DEFAULT mode.
2025-05-04T16:21:53.820+09:00  INFO 13880 --- [MySpringbootLab] [restartedMain] .s.d.r.c.RepositoryConfigurationDelegate : Finished Spring Data repository scanning in 12 ms. Found 0 JPA repository interfaces.
2025-05-04T16:21:54.776+09:00  INFO 13880 --- [MySpringbootLab] [restartedMain] o.s.b.w.e.t.TomcatWebServer              : Tomcat initialized with port 8080 (http)
2025-05-04T16:21:54.812+09:00  INFO 13880 --- [MySpringbootLab] [restartedMain] o.a.c.c.StandardService                  : Starting service [Tomcat]
2025-05-04T16:21:54.815+09:00  INFO 13880 --- [MySpringbootLab] [restartedMain] o.a.c.c.StandardEngine                   : Starting Servlet engine: [Apache Tomcat/10.1.40]
2025-05-04T16:21:54.881+09:00  INFO 13880 --- [MySpringbootLab] [restartedMain] o.a.c.c.C.[.[.[/]                        : Initializing Spring embedded WebApplicationContext
2025-05-04T16:21:54.884+09:00  INFO 13880 --- [MySpringbootLab] [restartedMain] w.s.c.ServletWebServerApplicationContext : Root WebApplicationContext: initialization completed in 1948 ms
2025-05-04T16:21:55.400+09:00  INFO 13880 --- [MySpringbootLab] [restartedMain] c.z.h.HikariDataSource                   : HikariPool-1 - Starting...
2025-05-04T16:21:55.645+09:00  INFO 13880 --- [MySpringbootLab] [restartedMain] c.z.h.p.HikariPool                       : HikariPool-1 - Added connection conn0: url=jdbc:h2:mem:de9f2138-4765-4a11-92ec-ab6902e283ae user=SA
2025-05-04T16:21:55.647+09:00  INFO 13880 --- [MySpringbootLab] [restartedMain] c.z.h.HikariDataSource                   : HikariPool-1 - Start completed.
2025-05-04T16:21:55.768+09:00  INFO 13880 --- [MySpringbootLab] [restartedMain] o.h.j.i.u.LogHelper                      : HHH000204: Processing PersistenceUnitInfo [name: default]
2025-05-04T16:21:55.840+09:00  INFO 13880 --- [MySpringbootLab] [restartedMain] o.h.Version                              : HHH000412: Hibernate ORM core version 6.6.13.Final
2025-05-04T16:21:55.868+09:00  INFO 13880 --- [MySpringbootLab] [restartedMain] o.h.c.i.RegionFactoryInitiator           : HHH000026: Second-level cache disabled
2025-05-04T16:21:56.054+09:00  INFO 13880 --- [MySpringbootLab] [restartedMain] o.s.o.j.p.SpringPersistenceUnitInfo      : No LoadTimeWeaver setup: ignoring JPA class transformer
2025-05-04T16:21:56.119+09:00  INFO 13880 --- [MySpringbootLab] [restartedMain] o.h.o.c.pooling                          : HHH10001005: Database info:
	Database JDBC URL [Connecting through datasource 'HikariDataSource (HikariPool-1)']
	Database driver: undefined/unknown
	Database version: 2.3.232
	Autocommit mode: undefined/unknown
	Isolation level: undefined/unknown
	Minimum pool size: undefined/unknown
	Maximum pool size: undefined/unknown
2025-05-04T16:21:56.351+09:00  INFO 13880 --- [MySpringbootLab] [restartedMain] o.h.e.t.j.p.i.JtaPlatformInitiator       : HHH000489: No JTA platform available (set 'hibernate.transaction.jta.platform' to enable JTA platform integration)
2025-05-04T16:21:56.355+09:00  INFO 13880 --- [MySpringbootLab] [restartedMain] j.LocalContainerEntityManagerFactoryBean : Initialized JPA EntityManagerFactory for persistence unit 'default'
2025-05-04T16:21:56.400+09:00  WARN 13880 --- [MySpringbootLab] [restartedMain] ConfigServletWebServerApplicationContext : Exception encountered during context initialization - cancelling refresh attempt: org.springframework.beans.factory.UnsatisfiedDependencyException: Error creating bean with name 'myPropRunner': Unsatisfied dependency expressed through field 'myEnvironment': No qualifying bean of type 'com.rookies3.myspringbootlab.config.MyEnvironment' available: expected at least 1 bean which qualifies as autowire candidate. Dependency annotations: {@org.springframework.beans.factory.annotation.Autowired(required=true)}
2025-05-04T16:21:56.400+09:00  INFO 13880 --- [MySpringbootLab] [restartedMain] j.LocalContainerEntityManagerFactoryBean : Closing JPA EntityManagerFactory for persistence unit 'default'
2025-05-04T16:21:56.413+09:00  WARN 13880 --- [MySpringbootLab] [restartedMain] o.s.b.f.s.DisposableBeanAdapter          : Invocation of destroy method failed on bean with name 'inMemoryDatabaseShutdownExecutor': org.h2.jdbc.JdbcSQLNonTransientConnectionException: Database is already closed (to disable automatic closing at VM shutdown, add ";DB_CLOSE_ON_EXIT=FALSE" to the db URL) [90121-232]
2025-05-04T16:21:56.413+09:00  INFO 13880 --- [MySpringbootLab] [restartedMain] c.z.h.HikariDataSource                   : HikariPool-1 - Shutdown initiated...
2025-05-04T16:21:56.417+09:00  INFO 13880 --- [MySpringbootLab] [restartedMain] c.z.h.HikariDataSource                   : HikariPool-1 - Shutdown completed.
2025-05-04T16:21:56.419+09:00  INFO 13880 --- [MySpringbootLab] [restartedMain] o.a.c.c.StandardService                  : Stopping service [Tomcat]
2025-05-04T16:21:56.434+09:00  INFO 13880 --- [MySpringbootLab] [restartedMain] .s.b.a.l.ConditionEvaluationReportLogger : 

Error starting ApplicationContext. To display the condition evaluation report re-run your application with 'debug' enabled.
2025-05-04T16:21:56.464+09:00 ERROR 13880 --- [MySpringbootLab] [restartedMain] o.s.b.d.LoggingFailureAnalysisReporter   : 

***************************
APPLICATION FAILED TO START
***************************

Description:

Field myEnvironment in com.rookies3.myspringbootlab.runner.MyPropRunner required a bean of type 'com.rookies3.myspringbootlab.config.MyEnvironment' that could not be found.

The injection point has the following annotations:
	- @org.springframework.beans.factory.annotation.Autowired(required=true)


Action:

Consider defining a bean of type 'com.rookies3.myspringbootlab.config.MyEnvironment' in your configuration.

2025-05-04T16:23:04.177+09:00  INFO 888 --- [MySpringbootLab] [restartedMain] c.r.m.MySpringbootLabApplication         : Starting MySpringbootLabApplication using Java 17.0.2 with PID 888 (C:\myBackend\MySpringbootLab\target\classes started by user in C:\myBackend\MySpringbootLab)
2025-05-04T16:23:04.182+09:00 DEBUG 888 --- [MySpringbootLab] [restartedMain] c.r.m.MySpringbootLabApplication         : Running with Spring Boot v3.4.5, Spring v6.2.6
2025-05-04T16:23:04.182+09:00  INFO 888 --- [MySpringbootLab] [restartedMain] c.r.m.MySpringbootLabApplication         : The following 1 profile is active: "test"
2025-05-04T16:23:04.223+09:00  INFO 888 --- [MySpringbootLab] [restartedMain] .e.DevToolsPropertyDefaultsPostProcessor : Devtools property defaults active! Set 'spring.devtools.add-properties' to 'false' to disable
2025-05-04T16:23:04.223+09:00  INFO 888 --- [MySpringbootLab] [restartedMain] .e.DevToolsPropertyDefaultsPostProcessor : For additional web related logging consider setting the 'logging.level.web' property to 'DEBUG'
2025-05-04T16:23:05.133+09:00  INFO 888 --- [MySpringbootLab] [restartedMain] .s.d.r.c.RepositoryConfigurationDelegate : Bootstrapping Spring Data JPA repositories in DEFAULT mode.
2025-05-04T16:23:05.154+09:00  INFO 888 --- [MySpringbootLab] [restartedMain] .s.d.r.c.RepositoryConfigurationDelegate : Finished Spring Data repository scanning in 12 ms. Found 0 JPA repository interfaces.
2025-05-04T16:23:06.069+09:00  INFO 888 --- [MySpringbootLab] [restartedMain] o.s.b.w.e.t.TomcatWebServer              : Tomcat initialized with port 8080 (http)
2025-05-04T16:23:06.087+09:00  INFO 888 --- [MySpringbootLab] [restartedMain] o.a.c.c.StandardService                  : Starting service [Tomcat]
2025-05-04T16:23:06.089+09:00  INFO 888 --- [MySpringbootLab] [restartedMain] o.a.c.c.StandardEngine                   : Starting Servlet engine: [Apache Tomcat/10.1.40]
2025-05-04T16:23:06.127+09:00  INFO 888 --- [MySpringbootLab] [restartedMain] o.a.c.c.C.[.[.[/]                        : Initializing Spring embedded WebApplicationContext
2025-05-04T16:23:06.128+09:00  INFO 888 --- [MySpringbootLab] [restartedMain] w.s.c.ServletWebServerApplicationContext : Root WebApplicationContext: initialization completed in 1903 ms
2025-05-04T16:23:06.536+09:00  INFO 888 --- [MySpringbootLab] [restartedMain] c.z.h.HikariDataSource                   : HikariPool-1 - Starting...
2025-05-04T16:23:06.711+09:00  INFO 888 --- [MySpringbootLab] [restartedMain] c.z.h.p.HikariPool                       : HikariPool-1 - Added connection conn0: url=jdbc:h2:mem:c9e9ff4d-cfe4-4f58-ae8b-5efcdb6f78a1 user=SA
2025-05-04T16:23:06.713+09:00  INFO 888 --- [MySpringbootLab] [restartedMain] c.z.h.HikariDataSource                   : HikariPool-1 - Start completed.
2025-05-04T16:23:06.791+09:00  INFO 888 --- [MySpringbootLab] [restartedMain] o.h.j.i.u.LogHelper                      : HHH000204: Processing PersistenceUnitInfo [name: default]
2025-05-04T16:23:06.896+09:00  INFO 888 --- [MySpringbootLab] [restartedMain] o.h.Version                              : HHH000412: Hibernate ORM core version 6.6.13.Final
2025-05-04T16:23:06.924+09:00  INFO 888 --- [MySpringbootLab] [restartedMain] o.h.c.i.RegionFactoryInitiator           : HHH000026: Second-level cache disabled
2025-05-04T16:23:07.096+09:00  INFO 888 --- [MySpringbootLab] [restartedMain] o.s.o.j.p.SpringPersistenceUnitInfo      : No LoadTimeWeaver setup: ignoring JPA class transformer
2025-05-04T16:23:07.159+09:00  INFO 888 --- [MySpringbootLab] [restartedMain] o.h.o.c.pooling                          : HHH10001005: Database info:
	Database JDBC URL [Connecting through datasource 'HikariDataSource (HikariPool-1)']
	Database driver: undefined/unknown
	Database version: 2.3.232
	Autocommit mode: undefined/unknown
	Isolation level: undefined/unknown
	Minimum pool size: undefined/unknown
	Maximum pool size: undefined/unknown
2025-05-04T16:23:07.362+09:00  INFO 888 --- [MySpringbootLab] [restartedMain] o.h.e.t.j.p.i.JtaPlatformInitiator       : HHH000489: No JTA platform available (set 'hibernate.transaction.jta.platform' to enable JTA platform integration)
2025-05-04T16:23:07.365+09:00  INFO 888 --- [MySpringbootLab] [restartedMain] j.LocalContainerEntityManagerFactoryBean : Initialized JPA EntityManagerFactory for persistence unit 'default'
2025-05-04T16:23:07.506+09:00  WARN 888 --- [MySpringbootLab] [restartedMain] JpaBaseConfiguration$JpaWebConfiguration : spring.jpa.open-in-view is enabled by default. Therefore, database queries may be performed during view rendering. Explicitly configure spring.jpa.open-in-view to disable this warning
2025-05-04T16:23:08.230+09:00  WARN 888 --- [MySpringbootLab] [restartedMain] ion$DefaultTemplateResolverConfiguration : Cannot find template location: classpath:/templates/ (please add some templates, check your Thymeleaf configuration, or set spring.thymeleaf.check-template-location=false)
2025-05-04T16:23:08.774+09:00  INFO 888 --- [MySpringbootLab] [restartedMain] o.s.b.a.h.H2ConsoleAutoConfiguration     : H2 console available at '/h2-console'. Database available at 'jdbc:h2:mem:c9e9ff4d-cfe4-4f58-ae8b-5efcdb6f78a1'
2025-05-04T16:23:08.831+09:00  INFO 888 --- [MySpringbootLab] [restartedMain] o.s.b.d.a.OptionalLiveReloadServer       : LiveReload server is running on port 35729
2025-05-04T16:23:08.839+09:00  INFO 888 --- [MySpringbootLab] [restartedMain] o.s.b.a.e.w.EndpointLinksResolver        : Exposing 1 endpoint beneath base path '/actuator'
2025-05-04T16:23:08.920+09:00  INFO 888 --- [MySpringbootLab] [restartedMain] o.s.b.w.e.t.TomcatWebServer              : Tomcat started on port 8080 (http) with context path '/'
2025-05-04T16:23:08.932+09:00  INFO 888 --- [MySpringbootLab] [restartedMain] c.r.m.MySpringbootLabApplication         : Started MySpringbootLabApplication in 5.139 seconds (process running for 5.654)
2025-05-04T16:23:08.963+09:00 DEBUG 888 --- [MySpringbootLab] [restartedMain] c.r.m.r.MyPropRunner                     : ${myprop.username} = springboot
2025-05-04T16:23:08.964+09:00 DEBUG 888 --- [MySpringbootLab] [restartedMain] c.r.m.r.MyPropRunner                     : ${myprop.port} = 27
2025-05-04T16:23:08.964+09:00  INFO 888 --- [MySpringbootLab] [restartedMain] c.r.m.r.MyPropRunner                     : MyPropProperties getUsername() = springboot
2025-05-04T16:23:08.964+09:00  INFO 888 --- [MySpringbootLab] [restartedMain] c.r.m.r.MyPropRunner                     : MyPropProperties getPort() = 14
2025-05-04T16:23:08.964+09:00  INFO 888 --- [MySpringbootLab] [restartedMain] c.r.m.r.MyPropRunner                     : 설정된 Port 번호 = 8080
2025-05-04T16:23:08.964+09:00  INFO 888 --- [MySpringbootLab] [restartedMain] c.r.m.r.MyPropRunner                     : 현재 활성화된 MyEnvironment Bean MyEnvironment(mode=개발환경)
2025-05-04T16:23:08.965+09:00 DEBUG 888 --- [MySpringbootLab] [restartedMain] c.r.m.r.MyPropRunner                     : VM 아규먼트 foo : false
2025-05-04T16:23:08.965+09:00 DEBUG 888 --- [MySpringbootLab] [restartedMain] c.r.m.r.MyPropRunner                     : Program 아규먼트 bar : false
2025-05-04T16:23:50.984+09:00  INFO 888 --- [MySpringbootLab] [File Watcher] rtingClassPathChangeChangedEventListener : Restarting due to 1 class path change (0 additions, 0 deletions, 1 modification)
2025-05-04T16:23:50.988+09:00  INFO 888 --- [MySpringbootLab] [Thread-5] o.s.b.w.e.t.GracefulShutdown             : Commencing graceful shutdown. Waiting for active requests to complete
2025-05-04T16:23:51.097+09:00  INFO 888 --- [MySpringbootLab] [tomcat-shutdown] o.s.b.w.e.t.GracefulShutdown             : Graceful shutdown complete
2025-05-04T16:23:51.101+09:00  INFO 888 --- [MySpringbootLab] [Thread-5] j.LocalContainerEntityManagerFactoryBean : Closing JPA EntityManagerFactory for persistence unit 'default'
2025-05-04T16:23:51.108+09:00  WARN 888 --- [MySpringbootLab] [Thread-5] o.s.b.f.s.DisposableBeanAdapter          : Invocation of destroy method failed on bean with name 'inMemoryDatabaseShutdownExecutor': org.h2.jdbc.JdbcSQLNonTransientConnectionException: Database is already closed (to disable automatic closing at VM shutdown, add ";DB_CLOSE_ON_EXIT=FALSE" to the db URL) [90121-232]
2025-05-04T16:23:51.108+09:00  INFO 888 --- [MySpringbootLab] [Thread-5] c.z.h.HikariDataSource                   : HikariPool-1 - Shutdown initiated...
2025-05-04T16:23:51.111+09:00  INFO 888 --- [MySpringbootLab] [Thread-5] c.z.h.HikariDataSource                   : HikariPool-1 - Shutdown completed.
2025-05-04T16:23:51.229+09:00  INFO 888 --- [MySpringbootLab] [restartedMain] c.r.m.MySpringbootLabApplication         : Starting MySpringbootLabApplication using Java 17.0.2 with PID 888 (C:\myBackend\MySpringbootLab\target\classes started by user in C:\myBackend\MySpringbootLab)
2025-05-04T16:23:51.229+09:00  INFO 888 --- [MySpringbootLab] [restartedMain] c.r.m.MySpringbootLabApplication         : The following 1 profile is active: "prod"
2025-05-04T16:23:51.445+09:00  INFO 888 --- [MySpringbootLab] [restartedMain] .s.d.r.c.RepositoryConfigurationDelegate : Bootstrapping Spring Data JPA repositories in DEFAULT mode.
2025-05-04T16:23:51.448+09:00  INFO 888 --- [MySpringbootLab] [restartedMain] .s.d.r.c.RepositoryConfigurationDelegate : Finished Spring Data repository scanning in 1 ms. Found 0 JPA repository interfaces.
2025-05-04T16:23:51.575+09:00  INFO 888 --- [MySpringbootLab] [restartedMain] o.s.b.w.e.t.TomcatWebServer              : Tomcat initialized with port 8080 (http)
2025-05-04T16:23:51.576+09:00  INFO 888 --- [MySpringbootLab] [restartedMain] o.a.c.c.StandardService                  : Starting service [Tomcat]
2025-05-04T16:23:51.577+09:00  INFO 888 --- [MySpringbootLab] [restartedMain] o.a.c.c.StandardEngine                   : Starting Servlet engine: [Apache Tomcat/10.1.40]
2025-05-04T16:23:51.592+09:00  INFO 888 --- [MySpringbootLab] [restartedMain] o.a.c.c.C.[.[.[/]                        : Initializing Spring embedded WebApplicationContext
2025-05-04T16:23:51.592+09:00  INFO 888 --- [MySpringbootLab] [restartedMain] w.s.c.ServletWebServerApplicationContext : Root WebApplicationContext: initialization completed in 362 ms
2025-05-04T16:23:51.708+09:00  INFO 888 --- [MySpringbootLab] [restartedMain] c.z.h.HikariDataSource                   : HikariPool-2 - Starting...
2025-05-04T16:23:51.710+09:00  INFO 888 --- [MySpringbootLab] [restartedMain] c.z.h.p.HikariPool                       : HikariPool-2 - Added connection conn10: url=jdbc:h2:mem:2657134c-43e9-4f9f-b73e-97a278e32994 user=SA
2025-05-04T16:23:51.710+09:00  INFO 888 --- [MySpringbootLab] [restartedMain] c.z.h.HikariDataSource                   : HikariPool-2 - Start completed.
2025-05-04T16:23:51.711+09:00  INFO 888 --- [MySpringbootLab] [restartedMain] o.h.j.i.u.LogHelper                      : HHH000204: Processing PersistenceUnitInfo [name: default]
2025-05-04T16:23:51.713+09:00  INFO 888 --- [MySpringbootLab] [restartedMain] o.h.c.i.RegionFactoryInitiator           : HHH000026: Second-level cache disabled
2025-05-04T16:23:51.723+09:00  INFO 888 --- [MySpringbootLab] [restartedMain] o.s.o.j.p.SpringPersistenceUnitInfo      : No LoadTimeWeaver setup: ignoring JPA class transformer
2025-05-04T16:23:51.724+09:00  INFO 888 --- [MySpringbootLab] [restartedMain] o.h.o.c.pooling                          : HHH10001005: Database info:
	Database JDBC URL [Connecting through datasource 'HikariDataSource (HikariPool-2)']
	Database driver: undefined/unknown
	Database version: 2.3.232
	Autocommit mode: undefined/unknown
	Isolation level: undefined/unknown
	Minimum pool size: undefined/unknown
	Maximum pool size: undefined/unknown
2025-05-04T16:23:51.743+09:00  INFO 888 --- [MySpringbootLab] [restartedMain] o.h.e.t.j.p.i.JtaPlatformInitiator       : HHH000489: No JTA platform available (set 'hibernate.transaction.jta.platform' to enable JTA platform integration)
2025-05-04T16:23:51.744+09:00  INFO 888 --- [MySpringbootLab] [restartedMain] j.LocalContainerEntityManagerFactoryBean : Initialized JPA EntityManagerFactory for persistence unit 'default'
2025-05-04T16:23:51.786+09:00  WARN 888 --- [MySpringbootLab] [restartedMain] JpaBaseConfiguration$JpaWebConfiguration : spring.jpa.open-in-view is enabled by default. Therefore, database queries may be performed during view rendering. Explicitly configure spring.jpa.open-in-view to disable this warning
2025-05-04T16:23:51.963+09:00  WARN 888 --- [MySpringbootLab] [restartedMain] ion$DefaultTemplateResolverConfiguration : Cannot find template location: classpath:/templates/ (please add some templates, check your Thymeleaf configuration, or set spring.thymeleaf.check-template-location=false)
2025-05-04T16:23:52.106+09:00  INFO 888 --- [MySpringbootLab] [restartedMain] o.s.b.a.h.H2ConsoleAutoConfiguration     : H2 console available at '/h2-console'. Database available at 'jdbc:h2:mem:2657134c-43e9-4f9f-b73e-97a278e32994'
2025-05-04T16:23:52.134+09:00  INFO 888 --- [MySpringbootLab] [restartedMain] o.s.b.d.a.OptionalLiveReloadServer       : LiveReload server is running on port 35729
2025-05-04T16:23:52.139+09:00  INFO 888 --- [MySpringbootLab] [restartedMain] o.s.b.a.e.w.EndpointLinksResolver        : Exposing 1 endpoint beneath base path '/actuator'
2025-05-04T16:23:52.155+09:00  INFO 888 --- [MySpringbootLab] [restartedMain] o.s.b.w.e.t.TomcatWebServer              : Tomcat started on port 8080 (http) with context path '/'
2025-05-04T16:23:52.163+09:00  INFO 888 --- [MySpringbootLab] [restartedMain] c.r.m.MySpringbootLabApplication         : Started MySpringbootLabApplication in 0.967 seconds (process running for 48.884)
2025-05-04T16:23:52.165+09:00  INFO 888 --- [MySpringbootLab] [restartedMain] c.r.m.r.MyPropRunner                     : MyPropProperties getUsername() = springboot
2025-05-04T16:23:52.165+09:00  INFO 888 --- [MySpringbootLab] [restartedMain] c.r.m.r.MyPropRunner                     : MyPropProperties getPort() = 36
2025-05-04T16:23:52.165+09:00  INFO 888 --- [MySpringbootLab] [restartedMain] c.r.m.r.MyPropRunner                     : 설정된 Port 번호 = 8080
2025-05-04T16:23:52.165+09:00  INFO 888 --- [MySpringbootLab] [restartedMain] c.r.m.r.MyPropRunner                     : 현재 활성화된 MyEnvironment Bean MyEnvironment(mode=운영환경)
2025-05-04T16:23:52.169+09:00  INFO 888 --- [MySpringbootLab] [restartedMain] .ConditionEvaluationDeltaLoggingListener : Condition evaluation unchanged
2025-05-04T16:23:58.724+09:00  INFO 888 --- [MySpringbootLab] [SpringApplicationShutdownHook] o.s.b.w.e.t.GracefulShutdown             : Commencing graceful shutdown. Waiting for active requests to complete
2025-05-04T16:23:58.829+09:00  INFO 888 --- [MySpringbootLab] [tomcat-shutdown] o.s.b.w.e.t.GracefulShutdown             : Graceful shutdown complete
2025-05-04T16:23:58.831+09:00  INFO 888 --- [MySpringbootLab] [SpringApplicationShutdownHook] j.LocalContainerEntityManagerFactoryBean : Closing JPA EntityManagerFactory for persistence unit 'default'
2025-05-04T16:23:58.832+09:00  WARN 888 --- [MySpringbootLab] [SpringApplicationShutdownHook] o.s.b.f.s.DisposableBeanAdapter          : Invocation of destroy method failed on bean with name 'inMemoryDatabaseShutdownExecutor': org.h2.jdbc.JdbcSQLNonTransientConnectionException: Database is already closed (to disable automatic closing at VM shutdown, add ";DB_CLOSE_ON_EXIT=FALSE" to the db URL) [90121-232]
2025-05-04T16:23:58.832+09:00  INFO 888 --- [MySpringbootLab] [SpringApplicationShutdownHook] c.z.h.HikariDataSource                   : HikariPool-2 - Shutdown initiated...
2025-05-04T16:23:58.833+09:00  INFO 888 --- [MySpringbootLab] [SpringApplicationShutdownHook] c.z.h.HikariDataSource                   : HikariPool-2 - Shutdown completed.
